This is XeTeX, Version 3.141592653-2.6-0.999993 (TeX Live 2021) (preloaded format=xelatex 2021.4.26)  26 APR 2021 13:27
entering extended mode
 restricted \write18 enabled.
 %&-line parsing enabled.
**bookdown-demo.tex
(./bookdown-demo.tex
LaTeX2e <2020-10-01> patch level 4
L3 programming layer <2021-02-18> (/home/runner/.TinyTeX/texmf-dist/tex/latex/b
ase/book.cls
Document Class: book 2020/04/10 v1.4m Standard LaTeX document class
(/home/runner/.TinyTeX/texmf-dist/tex/latex/base/bk10.clo
File: bk10.clo 2020/04/10 v1.4m Standard LaTeX file (size option)
)
\c@part=\count175
\c@chapter=\count176
\c@section=\count177
\c@subsection=\count178
\c@subsubsection=\count179
\c@paragraph=\count180
\c@subparagraph=\count181
\c@figure=\count182
\c@table=\count183
\abovecaptionskip=\skip47
\belowcaptionskip=\skip48
\bibindent=\dimen138
) (/home/runner/.TinyTeX/texmf-dist/tex/latex/lm/lmodern.sty
Package: lmodern 2015/05/01 v1.6.1 Latin Modern Fonts
LaTeX Font Info:    Overwriting symbol font `operators' in version `normal'
(Font)                  OT1/cmr/m/n --> OT1/lmr/m/n on input line 22.
LaTeX Font Info:    Overwriting symbol font `letters' in version `normal'
(Font)                  OML/cmm/m/it --> OML/lmm/m/it on input line 23.
LaTeX Font Info:    Overwriting symbol font `symbols' in version `normal'
(Font)                  OMS/cmsy/m/n --> OMS/lmsy/m/n on input line 24.
LaTeX Font Info:    Overwriting symbol font `largesymbols' in version `normal'
(Font)                  OMX/cmex/m/n --> OMX/lmex/m/n on input line 25.
LaTeX Font Info:    Overwriting symbol font `operators' in version `bold'
(Font)                  OT1/cmr/bx/n --> OT1/lmr/bx/n on input line 26.
LaTeX Font Info:    Overwriting symbol font `letters' in version `bold'
(Font)                  OML/cmm/b/it --> OML/lmm/b/it on input line 27.
LaTeX Font Info:    Overwriting symbol font `symbols' in version `bold'
(Font)                  OMS/cmsy/b/n --> OMS/lmsy/b/n on input line 28.
LaTeX Font Info:    Overwriting symbol font `largesymbols' in version `bold'
(Font)                  OMX/cmex/m/n --> OMX/lmex/m/n on input line 29.
LaTeX Font Info:    Overwriting math alphabet `\mathbf' in version `normal'
(Font)                  OT1/cmr/bx/n --> OT1/lmr/bx/n on input line 31.
LaTeX Font Info:    Overwriting math alphabet `\mathsf' in version `normal'
(Font)                  OT1/cmss/m/n --> OT1/lmss/m/n on input line 32.
LaTeX Font Info:    Overwriting math alphabet `\mathit' in version `normal'
(Font)                  OT1/cmr/m/it --> OT1/lmr/m/it on input line 33.
LaTeX Font Info:    Overwriting math alphabet `\mathtt' in version `normal'
(Font)                  OT1/cmtt/m/n --> OT1/lmtt/m/n on input line 34.
LaTeX Font Info:    Overwriting math alphabet `\mathbf' in version `bold'
(Font)                  OT1/cmr/bx/n --> OT1/lmr/bx/n on input line 35.
LaTeX Font Info:    Overwriting math alphabet `\mathsf' in version `bold'
(Font)                  OT1/cmss/bx/n --> OT1/lmss/bx/n on input line 36.
LaTeX Font Info:    Overwriting math alphabet `\mathit' in version `bold'
(Font)                  OT1/cmr/bx/it --> OT1/lmr/bx/it on input line 37.
LaTeX Font Info:    Overwriting math alphabet `\mathtt' in version `bold'
(Font)                  OT1/cmtt/m/n --> OT1/lmtt/m/n on input line 38.
) (/home/runner/.TinyTeX/texmf-dist/tex/latex/amsfonts/amssymb.sty
Package: amssymb 2013/01/14 v3.01 AMS font symbols
(/home/runner/.TinyTeX/texmf-dist/tex/latex/amsfonts/amsfonts.sty
Package: amsfonts 2013/01/14 v3.01 Basic AMSFonts support
\@emptytoks=\toks15
\symAMSa=\mathgroup4
\symAMSb=\mathgroup5
LaTeX Font Info:    Redeclaring math symbol \hbar on input line 98.
LaTeX Font Info:    Overwriting math alphabet `\mathfrak' in version `bold'
(Font)                  U/euf/m/n --> U/euf/b/n on input line 106.
)) (/home/runner/.TinyTeX/texmf-dist/tex/latex/amsmath/amsmath.sty
Package: amsmath 2020/09/23 v2.17i AMS math features
\@mathmargin=\skip49
For additional information on amsmath, use the `?' option.
(/home/runner/.TinyTeX/texmf-dist/tex/latex/amsmath/amstext.sty
Package: amstext 2000/06/29 v2.01 AMS text
(/home/runner/.TinyTeX/texmf-dist/tex/latex/amsmath/amsgen.sty
File: amsgen.sty 1999/11/30 v2.0 generic functions
\@emptytoks=\toks16
\ex@=\dimen139
)) (/home/runner/.TinyTeX/texmf-dist/tex/latex/amsmath/amsbsy.sty
Package: amsbsy 1999/11/29 v1.2d Bold Symbols
\pmbraise@=\dimen140
) (/home/runner/.TinyTeX/texmf-dist/tex/latex/amsmath/amsopn.sty
Package: amsopn 2016/03/08 v2.02 operator names
)
\inf@bad=\count184
LaTeX Info: Redefining \frac on input line 234.
\uproot@=\count185
\leftroot@=\count186
LaTeX Info: Redefining \overline on input line 399.
\classnum@=\count187
\DOTSCASE@=\count188
LaTeX Info: Redefining \ldots on input line 496.
LaTeX Info: Redefining \dots on input line 499.
LaTeX Info: Redefining \cdots on input line 620.
\Mathstrutbox@=\box47
\strutbox@=\box48
\big@size=\dimen141
LaTeX Font Info:    Redeclaring font encoding OML on input line 743.
LaTeX Font Info:    Redeclaring font encoding OMS on input line 744.
\macc@depth=\count189
\c@MaxMatrixCols=\count190
\dotsspace@=\muskip16
\c@parentequation=\count191
\dspbrk@lvl=\count192
\tag@help=\toks17
\row@=\count193
\column@=\count194
\maxfields@=\count195
\andhelp@=\toks18
\eqnshift@=\dimen142
\alignsep@=\dimen143
\tagshift@=\dimen144
\tagwidth@=\dimen145
\totwidth@=\dimen146
\lineht@=\dimen147
\@envbody=\toks19
\multlinegap=\skip50
\multlinetaggap=\skip51
\mathdisplay@stack=\toks20
LaTeX Info: Redefining \[ on input line 2923.
LaTeX Info: Redefining \] on input line 2924.
) (/home/runner/.TinyTeX/texmf-dist/tex/generic/iftex/ifxetex.sty
Package: ifxetex 2019/10/25 v0.7 ifxetex legacy package. Use iftex instead.
(/home/runner/.TinyTeX/texmf-dist/tex/generic/iftex/iftex.sty
Package: iftex 2020/03/06 v1.0d TeX engine tests
)) (/home/runner/.TinyTeX/texmf-dist/tex/generic/iftex/ifluatex.sty
Package: ifluatex 2019/10/25 v1.5 ifluatex legacy package. Use iftex instead.
) (/home/runner/.TinyTeX/texmf-dist/tex/latex/base/fixltx2e.sty
Package: fixltx2e 2016/12/29 v2.1a fixes to LaTeX (obsolete)
Applying: [2015/01/01] Old fixltx2e package on input line 46.

Package fixltx2e Warning: fixltx2e is not required with releases after 2015
(fixltx2e)                All fixes are now in the LaTeX kernel.
(fixltx2e)                See the latexrelease package for details.

Already applied: [0000/00/00] Old fixltx2e package on input line 53.
) (/home/runner/.TinyTeX/texmf-dist/tex/xelatex/mathspec/mathspec.sty
Package: mathspec 2016/12/22 v0.2b LaTeX Package (Mathematics font selection fo
r XeLaTeX)
(/home/runner/.TinyTeX/texmf-dist/tex/latex/etoolbox/etoolbox.sty
Package: etoolbox 2020/10/05 v2.5k e-TeX tools for LaTeX (JAW)
\etb@tempcnta=\count196
) (/home/runner/.TinyTeX/texmf-dist/tex/latex/fontspec/fontspec.sty (/home/runn
er/.TinyTeX/texmf-dist/tex/latex/l3packages/xparse/xparse.sty (/home/runner/.Ti
nyTeX/texmf-dist/tex/latex/l3kernel/expl3.sty
Package: expl3 2021-02-18 L3 programming layer (loader) 
(/home/runner/.TinyTeX/texmf-dist/tex/latex/l3backend/l3backend-xetex.def
File: l3backend-xetex.def 2021-03-18 L3 backend support: XeTeX
(|extractbb --version)
\c__kernel_sys_dvipdfmx_version_int=\count197
\l__color_backend_stack_int=\count198
\g__color_backend_stack_int=\count199
\g__graphics_track_int=\count266
\l__pdf_internal_box=\box49
\g__pdf_backend_object_int=\count267
\g__pdf_backend_annotation_int=\count268
\g__pdf_backend_link_int=\count269
))
(/home/runner/.TinyTeX/texmf-dist/tex/latex/l3packages/xparse/xparse-2020-10-01
.sty
(/home/runner/.TinyTeX/texmf-dist/tex/latex/l3packages/xparse/xparse-generic.te
x)))
Package: fontspec 2020/02/21 v2.7i Font selection for XeLaTeX and LuaLaTeX
(/home/runner/.TinyTeX/texmf-dist/tex/latex/fontspec/fontspec-xetex.sty
Package: fontspec-xetex 2020/02/21 v2.7i Font selection for XeLaTeX and LuaLaTe
X
\l__fontspec_script_int=\count270
\l__fontspec_language_int=\count271
\l__fontspec_strnum_int=\count272
\l__fontspec_tmp_int=\count273
\l__fontspec_tmpa_int=\count274
\l__fontspec_tmpb_int=\count275
\l__fontspec_tmpc_int=\count276
\l__fontspec_em_int=\count277
\l__fontspec_emdef_int=\count278
\l__fontspec_strong_int=\count279
\l__fontspec_strongdef_int=\count280
\l__fontspec_tmpa_dim=\dimen148
\l__fontspec_tmpb_dim=\dimen149
\l__fontspec_tmpc_dim=\dimen150
(/home/runner/.TinyTeX/texmf-dist/tex/latex/base/fontenc.sty
Package: fontenc 2020/08/10 v2.0s Standard LaTeX package
) (/home/runner/.TinyTeX/texmf-dist/tex/latex/fontspec/fontspec.cfg))) (/home/r
unner/.TinyTeX/texmf-dist/tex/latex/xkeyval/xkeyval.sty
Package: xkeyval 2020/11/20 v2.8 package option processing (HA)
(/home/runner/.TinyTeX/texmf-dist/tex/generic/xkeyval/xkeyval.tex (/home/runner
/.TinyTeX/texmf-dist/tex/generic/xkeyval/xkvutils.tex
\XKV@toks=\toks21
\XKV@tempa@toks=\toks22
(/home/runner/.TinyTeX/texmf-dist/tex/generic/xkeyval/keyval.tex))
\XKV@depth=\count281
File: xkeyval.tex 2014/12/03 v2.7a key=value parser (HA)
))
\c@eu@=\count282
\c@eu@i=\count283
\c@mkern=\count284
) (/home/runner/.TinyTeX/texmf-dist/tex/latex/hyperref/hyperref.sty
Package: hyperref 2021-02-27 v7.00k Hypertext links for LaTeX
(/home/runner/.TinyTeX/texmf-dist/tex/generic/ltxcmds/ltxcmds.sty
Package: ltxcmds 2020-05-10 v1.25 LaTeX kernel commands for general use (HO)
) (/home/runner/.TinyTeX/texmf-dist/tex/generic/pdftexcmds/pdftexcmds.sty
Package: pdftexcmds 2020-06-27 v0.33 Utility functions of pdfTeX for LuaTeX (HO
)
(/home/runner/.TinyTeX/texmf-dist/tex/generic/infwarerr/infwarerr.sty
Package: infwarerr 2019/12/03 v1.5 Providing info/warning/error messages (HO)
)
Package pdftexcmds Info: \pdf@primitive is available.
Package pdftexcmds Info: \pdf@ifprimitive is available.
Package pdftexcmds Info: \pdfdraftmode not found.
) (/home/runner/.TinyTeX/texmf-dist/tex/generic/kvsetkeys/kvsetkeys.sty
Package: kvsetkeys 2019/12/15 v1.18 Key value parser (HO)
) (/home/runner/.TinyTeX/texmf-dist/tex/generic/kvdefinekeys/kvdefinekeys.sty
Package: kvdefinekeys 2019-12-19 v1.6 Define keys (HO)
) (/home/runner/.TinyTeX/texmf-dist/tex/generic/pdfescape/pdfescape.sty
Package: pdfescape 2019/12/09 v1.15 Implements pdfTeX's escape features (HO)
) (/home/runner/.TinyTeX/texmf-dist/tex/latex/hycolor/hycolor.sty
Package: hycolor 2020-01-27 v1.10 Color options for hyperref/bookmark (HO)
) (/home/runner/.TinyTeX/texmf-dist/tex/latex/letltxmacro/letltxmacro.sty
Package: letltxmacro 2019/12/03 v1.6 Let assignment for LaTeX macros (HO)
) (/home/runner/.TinyTeX/texmf-dist/tex/latex/auxhook/auxhook.sty
Package: auxhook 2019-12-17 v1.6 Hooks for auxiliary files (HO)
) (/home/runner/.TinyTeX/texmf-dist/tex/latex/kvoptions/kvoptions.sty
Package: kvoptions 2020-10-07 v3.14 Key value format for package options (HO)
)
\@linkdim=\dimen151
\Hy@linkcounter=\count285
\Hy@pagecounter=\count286
(/home/runner/.TinyTeX/texmf-dist/tex/latex/hyperref/pd1enc.def
File: pd1enc.def 2021-02-27 v7.00k Hyperref: PDFDocEncoding definition (HO)
) (/home/runner/.TinyTeX/texmf-dist/tex/latex/hyperref/hyperref-langpatches.def
File: hyperref-langpatches.def 2021-02-27 v7.00k Hyperref: patches for babel la
nguages
) (/home/runner/.TinyTeX/texmf-dist/tex/generic/intcalc/intcalc.sty
Package: intcalc 2019/12/15 v1.3 Expandable calculations with integers (HO)
) (/home/runner/.TinyTeX/texmf-dist/tex/generic/etexcmds/etexcmds.sty
Package: etexcmds 2019/12/15 v1.7 Avoid name clashes with e-TeX commands (HO)
)
\Hy@SavedSpaceFactor=\count287
(/home/runner/.TinyTeX/texmf-dist/tex/latex/hyperref/puenc.def
File: puenc.def 2021-02-27 v7.00k Hyperref: PDF Unicode definition (HO)
)
Package hyperref Info: Option `unicode' set `true' on input line 4073.
Package hyperref Info: Hyper figures OFF on input line 4192.
Package hyperref Info: Link nesting OFF on input line 4197.
Package hyperref Info: Hyper index ON on input line 4200.
Package hyperref Info: Plain pages OFF on input line 4207.
Package hyperref Info: Backreferencing OFF on input line 4212.
Package hyperref Info: Implicit mode ON; LaTeX internals redefined.
Package hyperref Info: Bookmarks ON on input line 4445.
\c@Hy@tempcnt=\count288
(/home/runner/.TinyTeX/texmf-dist/tex/latex/url/url.sty
\Urlmuskip=\muskip17
Package: url 2013/09/16  ver 3.4  Verb mode for urls, etc.
)
LaTeX Info: Redefining \url on input line 4804.
\XeTeXLinkMargin=\dimen152
(/home/runner/.TinyTeX/texmf-dist/tex/generic/bitset/bitset.sty
Package: bitset 2019/12/09 v1.3 Handle bit-vector datatype (HO)
(/home/runner/.TinyTeX/texmf-dist/tex/generic/bigintcalc/bigintcalc.sty
Package: bigintcalc 2019/12/15 v1.5 Expandable calculations on big integers (HO
)
))
\Fld@menulength=\count289
\Field@Width=\dimen153
\Fld@charsize=\dimen154
Package hyperref Info: Hyper figures OFF on input line 6075.
Package hyperref Info: Link nesting OFF on input line 6080.
Package hyperref Info: Hyper index ON on input line 6083.
Package hyperref Info: backreferencing OFF on input line 6090.
Package hyperref Info: Link coloring OFF on input line 6095.
Package hyperref Info: Link coloring with OCG OFF on input line 6100.
Package hyperref Info: PDF/A mode OFF on input line 6105.
LaTeX Info: Redefining \ref on input line 6145.
LaTeX Info: Redefining \pageref on input line 6149.
(/home/runner/.TinyTeX/texmf-dist/tex/latex/base/atbegshi-ltx.sty
Package: atbegshi-ltx 2020/08/17 v1.0a Emulation of the original atbegshi packa
ge
with kernel methods
)
\Hy@abspage=\count290
\c@Item=\count291
\c@Hfootnote=\count292
)
Package hyperref Info: Driver (autodetected): hxetex.
(/home/runner/.TinyTeX/texmf-dist/tex/latex/hyperref/hxetex.def
File: hxetex.def 2021-02-27 v7.00k Hyperref driver for XeTeX
(/home/runner/.TinyTeX/texmf-dist/tex/generic/stringenc/stringenc.sty
Package: stringenc 2019/11/29 v1.12 Convert strings between diff. encodings (HO
)
)
\pdfm@box=\box50
\c@Hy@AnnotLevel=\count293
\HyField@AnnotCount=\count294
\Fld@listcount=\count295
\c@bookmark@seq@number=\count296
(/home/runner/.TinyTeX/texmf-dist/tex/latex/rerunfilecheck/rerunfilecheck.sty
Package: rerunfilecheck 2019/12/05 v1.9 Rerun checks for auxiliary files (HO)
(/home/runner/.TinyTeX/texmf-dist/tex/latex/base/atveryend-ltx.sty
Package: atveryend-ltx 2020/08/19 v1.0a Emulation of the original atvery packag
e
with kernel methods
) (/home/runner/.TinyTeX/texmf-dist/tex/generic/uniquecounter/uniquecounter.sty
Package: uniquecounter 2019/12/15 v1.4 Provide unlimited unique counter (HO)
)
Package uniquecounter Info: New unique counter `rerunfilecheck' on input line 2
86.
)
\Hy@SectionHShift=\skip52
)
Package hyperref Info: Option `breaklinks' set `true' on input line 30.
(/home/runner/.TinyTeX/texmf-dist/tex/latex/natbib/natbib.sty
Package: natbib 2010/09/13 8.31b (PWD, AO)
\bibhang=\skip53
\bibsep=\skip54
LaTeX Info: Redefining \cite on input line 694.
\c@NAT@ctr=\count297
) (/home/runner/.TinyTeX/texmf-dist/tex/latex/graphics/color.sty
Package: color 2020/02/24 v1.2b Standard LaTeX Color (DPC)
(/home/runner/.TinyTeX/texmf-dist/tex/latex/graphics-cfg/color.cfg
File: color.cfg 2016/01/02 v1.6 sample color configuration
)
Package color Info: Driver file: xetex.def on input line 147.
(/home/runner/.TinyTeX/texmf-dist/tex/latex/graphics-def/xetex.def
File: xetex.def 2021/03/18 v5.0k Graphics/color driver for xetex
)) (/home/runner/.TinyTeX/texmf-dist/tex/latex/fancyvrb/fancyvrb.sty
Package: fancyvrb 2021/01/20 v3.7 verbatim text (tvz,hv)
\FV@CodeLineNo=\count298
\FV@InFile=\read2
\FV@TabBox=\box51
\c@FancyVerbLine=\count299
\FV@StepNumber=\count300
\FV@OutFile=\write3
) (/home/runner/.TinyTeX/texmf-dist/tex/latex/framed/framed.sty
Package: framed 2011/10/22 v 0.96: framed or shaded text with page breaks
\OuterFrameSep=\skip55
\fb@frw=\dimen155
\fb@frh=\dimen156
\FrameRule=\dimen157
\FrameSep=\dimen158
) (/home/runner/.TinyTeX/texmf-dist/tex/latex/tools/longtable.sty
Package: longtable 2020/01/07 v4.13 Multi-page Table package (DPC)
\LTleft=\skip56
\LTright=\skip57
\LTpre=\skip58
\LTpost=\skip59
\LTchunksize=\count301
\LTcapwidth=\dimen159
\LT@head=\box52
\LT@firsthead=\box53
\LT@foot=\box54
\LT@lastfoot=\box55
\LT@cols=\count302
\LT@rows=\count303
\c@LT@tables=\count304
\c@LT@chunks=\count305
\LT@p@ftn=\toks23
) (/home/runner/.TinyTeX/texmf-dist/tex/latex/booktabs/booktabs.sty
Package: booktabs 2020/01/12 v1.61803398 Publication quality tables
\heavyrulewidth=\dimen160
\lightrulewidth=\dimen161
\cmidrulewidth=\dimen162
\belowrulesep=\dimen163
\belowbottomsep=\dimen164
\aboverulesep=\dimen165
\abovetopsep=\dimen166
\cmidrulesep=\dimen167
\cmidrulekern=\dimen168
\defaultaddspace=\dimen169
\@cmidla=\count306
\@cmidlb=\count307
\@aboverulesep=\dimen170
\@belowrulesep=\dimen171
\@thisruleclass=\count308
\@lastruleclass=\count309
\@thisrulewidth=\dimen172
) (/home/runner/.TinyTeX/texmf-dist/tex/latex/mdwtools/footnote.sty
Package: footnote 1997/01/28 1.13 Save footnotes around boxes
\fn@notes=\box56
\fn@width=\dimen173
) (/home/runner/.TinyTeX/texmf-dist/tex/latex/graphics/graphicx.sty
Package: graphicx 2020/09/09 v1.2b Enhanced LaTeX Graphics (DPC,SPQR)
(/home/runner/.TinyTeX/texmf-dist/tex/latex/graphics/graphics.sty
Package: graphics 2020/08/30 v1.4c Standard LaTeX Graphics (DPC,SPQR)
(/home/runner/.TinyTeX/texmf-dist/tex/latex/graphics/trig.sty
Package: trig 2016/01/03 v1.10 sin cos tan (DPC)
) (/home/runner/.TinyTeX/texmf-dist/tex/latex/graphics-cfg/graphics.cfg
File: graphics.cfg 2016/06/04 v1.11 sample graphics configuration
)
Package graphics Info: Driver file: xetex.def on input line 105.
)
\Gin@req@height=\dimen174
\Gin@req@width=\dimen175
) (/home/runner/.TinyTeX/texmf-dist/tex/latex/grffile/grffile.sty
Package: grffile 2019/11/11 v2.1 Extended file name support for graphics (legac
y)
Package grffile Info: This package is an empty stub for compatibility on input 
line 40.
) (/home/runner/.TinyTeX/texmf-dist/tex/generic/ulem/ulem.sty
\UL@box=\box57
\UL@hyphenbox=\box58
\UL@skip=\skip60
\UL@hook=\toks24
\UL@height=\dimen176
\UL@pe=\count310
\UL@pixel=\dimen177
\ULC@box=\box59
Package: ulem 2019/11/18
\ULdepth=\dimen178
) (/home/runner/.TinyTeX/texmf-dist/tex/latex/amscls/amsthm.sty
Package: amsthm 2020/05/29 v2.20.6
\thm@style=\toks25
\thm@bodyfont=\toks26
\thm@headfont=\toks27
\thm@notefont=\toks28
\thm@headpunct=\toks29
\thm@preskip=\skip61
\thm@postskip=\skip62
\thm@headsep=\skip63
\dth@everypar=\toks30
) (./bookdown-demo.aux

LaTeX Warning: Label `introduction' multiply defined.

)
\openout1 = `bookdown-demo.aux'.

LaTeX Font Info:    Checking defaults for OML/cmm/m/it on input line 127.
LaTeX Font Info:    ... okay on input line 127.
LaTeX Font Info:    Checking defaults for OMS/cmsy/m/n on input line 127.
LaTeX Font Info:    ... okay on input line 127.
LaTeX Font Info:    Checking defaults for OT1/cmr/m/n on input line 127.
LaTeX Font Info:    ... okay on input line 127.
LaTeX Font Info:    Checking defaults for T1/cmr/m/n on input line 127.
LaTeX Font Info:    ... okay on input line 127.
LaTeX Font Info:    Checking defaults for TS1/cmr/m/n on input line 127.
LaTeX Font Info:    Trying to load font information for TS1+cmr on input line 1
27.
(/home/runner/.TinyTeX/texmf-dist/tex/latex/base/ts1cmr.fd
File: ts1cmr.fd 2019/12/16 v2.5j Standard LaTeX font definitions
)
LaTeX Font Info:    ... okay on input line 127.
LaTeX Font Info:    Checking defaults for TU/lmr/m/n on input line 127.
LaTeX Font Info:    ... okay on input line 127.
LaTeX Font Info:    Checking defaults for OMX/cmex/m/n on input line 127.
LaTeX Font Info:    ... okay on input line 127.
LaTeX Font Info:    Checking defaults for U/cmr/m/n on input line 127.
LaTeX Font Info:    ... okay on input line 127.
LaTeX Font Info:    Checking defaults for PD1/pdf/m/n on input line 127.
LaTeX Font Info:    ... okay on input line 127.
LaTeX Font Info:    Checking defaults for PU/pdf/m/n on input line 127.
LaTeX Font Info:    ... okay on input line 127.
Package hyperref Info: Link coloring OFF on input line 127.
(/home/runner/.TinyTeX/texmf-dist/tex/latex/hyperref/nameref.sty
Package: nameref 2021-04-02 v2.47 Cross-referencing by name of section
(/home/runner/.TinyTeX/texmf-dist/tex/latex/refcount/refcount.sty
Package: refcount 2019/12/15 v3.6 Data extraction from label references (HO)
)
(/home/runner/.TinyTeX/texmf-dist/tex/generic/gettitlestring/gettitlestring.sty
Package: gettitlestring 2019/12/15 v1.6 Cleanup title references (HO)
)
\c@section@level=\count311
)
LaTeX Info: Redefining \ref on input line 127.
LaTeX Info: Redefining \pageref on input line 127.
LaTeX Info: Redefining \nameref on input line 127.
(./bookdown-demo.out) (./bookdown-demo.out)
\@outlinefile=\write4
\openout4 = `bookdown-demo.out'.

LaTeX Font Info:    Trying to load font information for OT1+lmr on input line 1
29.
(/home/runner/.TinyTeX/texmf-dist/tex/latex/lm/ot1lmr.fd
File: ot1lmr.fd 2015/05/01 v1.6.1 Font defs for Latin Modern
)
LaTeX Font Info:    Trying to load font information for OML+lmm on input line 1
29.
(/home/runner/.TinyTeX/texmf-dist/tex/latex/lm/omllmm.fd
File: omllmm.fd 2015/05/01 v1.6.1 Font defs for Latin Modern
)
LaTeX Font Info:    Trying to load font information for OMS+lmsy on input line 
129.
(/home/runner/.TinyTeX/texmf-dist/tex/latex/lm/omslmsy.fd
File: omslmsy.fd 2015/05/01 v1.6.1 Font defs for Latin Modern
)
LaTeX Font Info:    Trying to load font information for OMX+lmex on input line 
129.
(/home/runner/.TinyTeX/texmf-dist/tex/latex/lm/omxlmex.fd
File: omxlmex.fd 2015/05/01 v1.6.1 Font defs for Latin Modern
)
LaTeX Font Info:    External font `lmex10' loaded for size
(Font)              <12> on input line 129.
LaTeX Font Info:    External font `lmex10' loaded for size
(Font)              <8> on input line 129.
LaTeX Font Info:    External font `lmex10' loaded for size
(Font)              <6> on input line 129.
LaTeX Font Info:    Trying to load font information for U+msa on input line 129
.
(/home/runner/.TinyTeX/texmf-dist/tex/latex/amsfonts/umsa.fd
File: umsa.fd 2013/01/14 v3.01 AMS symbols A
)
LaTeX Font Info:    Trying to load font information for U+msb on input line 129
.
(/home/runner/.TinyTeX/texmf-dist/tex/latex/amsfonts/umsb.fd
File: umsb.fd 2013/01/14 v3.01 AMS symbols B
) [1


] [2

] (./bookdown-demo.toc
LaTeX Font Info:    External font `lmex10' loaded for size
(Font)              <10> on input line 2.
LaTeX Font Info:    External font `lmex10' loaded for size
(Font)              <7> on input line 2.
LaTeX Font Info:    External font `lmex10' loaded for size
(Font)              <5> on input line 2.
[3] [4] [5])
\tf@toc=\write5
\openout5 = `bookdown-demo.toc'.

[6]
Chapter 1.
[7

] [8]
Chapter 2.
[9

]
Overfull \hbox (77.07344pt too wide) has occurred while \output is active
\TU/lmr/m/n/10 10 \TU/lmr/m/sl/10 CHAPTER 2.  TIPS FOR WRITING GREAT DOCUMENTAT
ION AND WALKTHROUGHS
 []

[10] [11]
Overfull \hbox (77.07344pt too wide) has occurred while \output is active
\TU/lmr/m/n/10 12 \TU/lmr/m/sl/10 CHAPTER 2.  TIPS FOR WRITING GREAT DOCUMENTAT
ION AND WALKTHROUGHS
 []

[12

]
Chapter 3.
File: images/workflow.png Graphic file (type bmp)
<images/workflow.png>
File: images/open.png Graphic file (type bmp)
<images/open.png>

Underfull \vbox (badness 1014) has occurred while \output is active []

[13]
File: images/syntax.png Graphic file (type bmp)
<images/syntax.png>

Overfull \hbox (38.67345pt too wide) has occurred while \output is active
\TU/lmr/m/n/10 14 \TU/lmr/m/sl/10 CHAPTER 3.  DOCUMENTATION EXAMPLE - THE BASIC
S OF R MARKDOWN
 []

[14] [15]
LaTeX Font Info:    Font shape `TU/lmtt/bx/n' in size <10> not available
(Font)              Font shape `TU/lmtt/b/n' tried instead on input line 416.
File: images/code.png Graphic file (type bmp)
<images/code.png>
File: images/options.png Graphic file (type bmp)
<images/options.png>

Overfull \hbox (38.67345pt too wide) has occurred while \output is active
\TU/lmr/m/n/10 16 \TU/lmr/m/sl/10 CHAPTER 3.  DOCUMENTATION EXAMPLE - THE BASIC
S OF R MARKDOWN
 []

[16] [17]
Overfull \hbox (38.67345pt too wide) has occurred while \output is active
\TU/lmr/m/n/10 18 \TU/lmr/m/sl/10 CHAPTER 3.  DOCUMENTATION EXAMPLE - THE BASIC
S OF R MARKDOWN
 []

[18

]
Chapter 4.
[19] [20]
Chapter 5.
[21

] [22]
Overfull \hbox (358.5pt too wide) in paragraph at lines 634--634
[]\TU/lmtt/m/n/10 Activites: totalDistance, veryActiveDistance, moderatleyActiv
eDistance, lightlyActiveDistance, veryActiveMinutes, fairlyActiveMinutes,[] 
 []


Overfull \hbox (64.5pt too wide) in paragraph at lines 634--634
[]\TU/lmtt/m/n/10 lightlyActiveMinutes, sedentaryMinutes, floorsClimbed, daySte
ps, intraday data[] 
 []


Overfull \hbox (211.5pt too wide) in paragraph at lines 634--634
[]\TU/lmtt/m/n/10 Heart Rate: HRrange30to100, HRrange100to140, HRrange140to170,
 HRrange170to220, avgRestingHR, intraday data[] 
 []

[23] [24] [25] [26]
Underfull \hbox (badness 2922) in paragraph at lines 811--815
[]\TU/lmr/m/n/10 With Selenium downloaded and imported, the last step was to ca
ll
 []

[27]
Overfull \hbox (165.242pt too wide) in paragraph at lines 917--920
[]\TU/lmr/bx/n/10 Note \TU/lmr/m/n/10 if the previous Terminal window was close
d, navigate to \TU/lmr/m/it/10 /class/datamine/corporate/merck/DataEngineers/Fi
tbit
 []


Overfull \hbox (211.26888pt too wide) in paragraph at lines 921--923
[]\TU/lmr/m/n/10 Extracted data is formatted into CSV files and accessible at \
TU/lmr/m/it/10 /class/datamine/corporate/merck/DataEngineers/Fitbit/CSV_Files\T
U/lmr/m/n/10 . 
 []

[28] [29] [30] [31] [32

]
Chapter 6.

Overfull \hbox (0.11092pt too wide) in paragraph at lines 1076--1082
[]\TU/lmr/m/n/10 If another SQL database is used in the future, please note tha
t ‘cb3i17t0aqn6a4ff’
 []


Underfull \hbox (badness 1616) in paragraph at lines 1076--1082
\TU/lmr/m/n/10 corresponds to ‘username’, ‘e2l4k9zn24shcj42’ corresponds to ‘pa
ssword’,
 []

[33] [34] [35]
Underfull \hbox (badness 1253) in paragraph at lines 1192--1196
\TU/lmr/m/n/10 DataBase function call was also added into the function, and Bio
met-
 []


Underfull \hbox (badness 2698) in paragraph at lines 1192--1196
\TU/lmr/m/n/10 ricPrev.getBiometricData(DATA) was slightly altered to return bo
th a
 []

[36] [37] [38]
Chapter 7.
[39

]

Package natbib Warning: Citation `OLD_CHARACTER_SET_CLIENT' on page 40 undefine
d on input line 1406.


Package natbib Warning: Citation `CHARACTER_SET_CLIENT' on page 40 undefined on
 input line 1406.


Package natbib Warning: Citation `OLD_CHARACTER_SET_RESULTS' on page 40 undefin
ed on input line 1408.


Package natbib Warning: Citation `CHARACTER_SET_RESULTS' on page 40 undefined o
n input line 1408.


Package natbib Warning: Citation `OLD_COLLATION_CONNECTION' on page 40 undefine
d on input line 1410.


Package natbib Warning: Citation `COLLATION_CONNECTION' on page 40 undefined on
 input line 1410.


Package natbib Warning: Citation `OLD_TIME_ZONE' on page 40 undefined on input 
line 1412.


Package natbib Warning: Citation `TIME_ZONE' on page 40 undefined on input line
 1412.


Package natbib Warning: Citation `OLD_UNIQUE_CHECKS' on page 40 undefined on in
put line 1414.


Package natbib Warning: Citation `UNIQUE_CHECKS' on page 40 undefined on input 
line 1414.


Package natbib Warning: Citation `OLD_FOREIGN_KEY_CHECKS' on page 40 undefined 
on input line 1417.


Package natbib Warning: Citation `FOREIGN_KEY_CHECKS' on page 40 undefined on i
nput line 1417.


Package natbib Warning: Citation `OLD_SQL_MODE' on page 40 undefined on input l
ine 1419.


Package natbib Warning: Citation `SQL_MODE' on page 40 undefined on input line 
1419.


Package natbib Warning: Citation `OLD_SQL_NOTES' on page 40 undefined on input 
line 1420.


Package natbib Warning: Citation `SQL_NOTES' on page 40 undefined on input line
 1420.


Underfull \hbox (badness 1052) in paragraph at lines 1405--1421
\TU/lmr/m/it/10 SQL_MODE=‘NO_AUTO_VALUE_ON_ZERO’ \TU/lmr/m/n/10 /; /\TU/lmr/m/i
t/10 !40111 SET \TU/lmr/bx/n/10 ?\TU/lmr/m/it/10 =@\TU/lmr/bx/n/10 ?\TU/lmr/m/i
t/10 ,
 []


Overfull \hbox (397.33005pt too wide) in alignment at lines 1422--1428
 [] [] 
 []


Overfull \hbox (397.33005pt too wide) in alignment at lines 1428--1431
 [] [] 
 []


Underfull \hbox (badness 2384) in paragraph at lines 1433--1611
\TU/lmr/m/n/10 ————————————– CREATE TABLE IF NOT EXISTS \TU/lmtt/m/n/10 Merck
 []


Underfull \hbox (badness 4291) in paragraph at lines 1433--1611
\TU/lmtt/m/n/10 First_Name \TU/lmr/m/n/10 VARCHAR(100) NOT NULL, \TU/lmtt/m/n/1
0 Last_Name \TU/lmr/m/n/10 VARCHAR(100)
 []


Underfull \hbox (badness 3803) in paragraph at lines 1433--1611
\TU/lmr/m/n/10 PRIMARY KEY (\TU/lmtt/m/n/10 id\TU/lmr/m/n/10 ), UNIQUE INDEX \T
U/lmtt/m/n/10 username_UNIQUE \TU/lmr/m/n/10 (\TU/lmtt/m/n/10 username
 []


Underfull \hbox (badness 1946) in paragraph at lines 1433--1611
\TU/lmr/m/n/10 ASC)) ENGINE = InnoDB; – —————————————————– –
 []


Underfull \hbox (badness 1226) in paragraph at lines 1433--1611
\TU/lmr/m/n/10 written data in the website. – ——————————————————
 []


Underfull \hbox (badness 1983) in paragraph at lines 1433--1611
\TU/lmtt/m/n/10 diagnostic_notes \TU/lmr/m/n/10 VARCHAR(500) NULL, PRIMARY KEY 
(\TU/lmtt/m/n/10 ID\TU/lmr/m/n/10 )) EN-
 []


Underfull \hbox (badness 10000) in paragraph at lines 1433--1611
\TU/lmtt/m/n/10 smoking_alcohol \TU/lmr/m/n/10 VARCHAR(200) NULL, \TU/lmtt/m/n/
10 Other_medication \TU/lmr/m/n/10 VAR-
 []


Underfull \hbox (badness 10000) in paragraph at lines 1433--1611
\TU/lmr/m/n/10 – —————————————————– CREATE TABLE IF NOT
 []


Underfull \hbox (badness 2020) in paragraph at lines 1433--1611
\TU/lmr/m/n/10 EXISTS \TU/lmtt/m/n/10 Merck database\TU/lmr/m/n/10 .\TU/lmtt/m/
n/10 User_MerckData \TU/lmr/m/n/10 ( \TU/lmtt/m/n/10 User_id \TU/lmr/m/n/10 INT
 NOT NULL,
 []


Underfull \hbox (badness 5607) in paragraph at lines 1433--1611
\TU/lmr/m/n/10 INDEX \TU/lmtt/m/n/10 fk_User_has_MerckData_MerckData1_idx \TU/l
mr/m/n/10 (\TU/lmtt/m/n/10 MerckData_ID \TU/lmr/m/n/10 ASC),
 []


Underfull \hbox (badness 2903) in paragraph at lines 1433--1611
\TU/lmtt/m/n/10 Merck database\TU/lmr/m/n/10 .\TU/lmtt/m/n/10 User \TU/lmr/m/n/
10 (\TU/lmtt/m/n/10 id\TU/lmr/m/n/10 ) ON DELETE NO ACTION ON UPDATE
 []


Underfull \hbox (badness 3019) in paragraph at lines 1433--1611
\TU/lmr/m/n/10 EIGN KEY (\TU/lmtt/m/n/10 MerckData_ID\TU/lmr/m/n/10 ) REFERENCE
S \TU/lmtt/m/n/10 Merck database\TU/lmr/m/n/10 .\TU/lmtt/m/n/10 MerckData
 []


Underfull \hbox (badness 3514) in paragraph at lines 1433--1611
\TU/lmr/m/n/10 (\TU/lmtt/m/n/10 ID\TU/lmr/m/n/10 ) ON DELETE NO ACTION ON UPDAT
E NO ACTION) EN-
 []


Underfull \hbox (badness 1590) in paragraph at lines 1433--1611
\TU/lmr/m/n/10 database and User_pain_data. – —————————————————
 []


Underfull \hbox (badness 1609) in paragraph at lines 1433--1611
\TU/lmr/m/n/10 – CREATE TABLE IF NOT EXISTS \TU/lmtt/m/n/10 Merck database\TU/l
mr/m/n/10 .\TU/lmtt/m/n/10 User_Pain_Data
 []


Underfull \hbox (badness 10000) in paragraph at lines 1433--1611
\TU/lmr/m/n/10 ( \TU/lmtt/m/n/10 User_id \TU/lmr/m/n/10 INT NOT NULL, \TU/lmtt/
m/n/10 Pain_Data_Username \TU/lmr/m/n/10 VARCHAR(20)
 []


Underfull \hbox (badness 1092) in paragraph at lines 1433--1611
\TU/lmr/m/n/10 NOT NULL, PRIMARY KEY (\TU/lmtt/m/n/10 User_id\TU/lmr/m/n/10 , \
TU/lmtt/m/n/10 Pain_Data_Username\TU/lmr/m/n/10 ), INDEX
 []


Underfull \hbox (badness 10000) in paragraph at lines 1433--1611
\TU/lmtt/m/n/10 fk_User_has_Pain_Data_Pain_Data1_idx \TU/lmr/m/n/10 (\TU/lmtt/m
/n/10 Pain_Data_Username \TU/lmr/m/n/10 ASC),
 []


Underfull \hbox (badness 4954) in paragraph at lines 1433--1611
\TU/lmr/m/n/10 KEY (\TU/lmtt/m/n/10 Pain_Data_Username\TU/lmr/m/n/10 ) REFERENC
ES \TU/lmtt/m/n/10 Merck database\TU/lmr/m/n/10 .\TU/lmtt/m/n/10 Pain_Data
 []


Underfull \hbox (badness 4144) in paragraph at lines 1433--1611
\TU/lmtt/m/n/10 moderately_active_miles \TU/lmr/m/n/10 FLOAT NULL, \TU/lmtt/m/n
/10 Very_active_miles \TU/lmr/m/n/10 FLOAT
 []


Underfull \hbox (badness 3769) in paragraph at lines 1433--1611
\TU/lmr/m/n/10 FLOAT NULL, \TU/lmtt/m/n/10 bmi \TU/lmr/m/n/10 FLOAT NULL, \TU/l
mtt/m/n/10 minutes_asleep \TU/lmr/m/n/10 FLOAT NULL,
 []


Underfull \hbox (badness 4872) in paragraph at lines 1433--1611
\TU/lmr/m/n/10 INT NULL, \TU/lmtt/m/n/10 Blood_oxygen_saturation \TU/lmr/m/n/10
 INT NULL, PRIMARY KEY
 []


Underfull \hbox (badness 1540) in paragraph at lines 1433--1611
\TU/lmr/m/n/10 Apple Watch data. – —————————————————– CREATE
 []


Underfull \hbox (badness 4144) in paragraph at lines 1433--1611
\TU/lmtt/m/n/10 activeEnergyBurned \TU/lmr/m/n/10 FLOAT NULL, \TU/lmtt/m/n/10 a
ctiveEnergyBurnedGoal \TU/lmr/m/n/10 FLOAT
 []


Underfull \hbox (badness 10000) in paragraph at lines 1433--1611
\TU/lmr/m/n/10 NULL, \TU/lmtt/m/n/10 activeEnergyBurnedUnit \TU/lmr/m/n/10 FLOA
T NULL, \TU/lmtt/m/n/10 appleExerciseTime
 []


Underfull \hbox (badness 4595) in paragraph at lines 1433--1611
\TU/lmr/m/n/10 NULL, \TU/lmtt/m/n/10 sourceVersion \TU/lmr/m/n/10 FLOAT NULL, \
TU/lmtt/m/n/10 device \TU/lmr/m/n/10 FLOAT NULL, \TU/lmtt/m/n/10 type
 []


Underfull \hbox (badness 5504) in paragraph at lines 1433--1611
\TU/lmr/m/n/10 FLOAT NULL, \TU/lmtt/m/n/10 unit \TU/lmr/m/n/10 FLOAT NULL, \TU/
lmtt/m/n/10 creationDate \TU/lmr/m/n/10 FLOAT NULL,
 []


Underfull \hbox (badness 7133) in paragraph at lines 1433--1611
\TU/lmtt/m/n/10 startDate \TU/lmr/m/n/10 FLOAT NULL, \TU/lmtt/m/n/10 endDate \T
U/lmr/m/n/10 FLOAT NULL, \TU/lmtt/m/n/10 value \TU/lmr/m/n/10 FLOAT
 []


Underfull \hbox (badness 1400) in paragraph at lines 1433--1611
\TU/lmr/m/n/10 NULL, \TU/lmtt/m/n/10 workoutActivityType \TU/lmr/m/n/10 FLOAT N
ULL, \TU/lmtt/m/n/10 duration \TU/lmr/m/n/10 FLOAT NULL,
 []


Underfull \hbox (badness 10000) in paragraph at lines 1433--1611
\TU/lmtt/m/n/10 durationUnit \TU/lmr/m/n/10 VARCHAR(45) NULL, \TU/lmtt/m/n/10 t
otalDistance \TU/lmr/m/n/10 VARCHAR(45)
 []


Underfull \hbox (badness 4846) in paragraph at lines 1433--1611
\TU/lmr/m/n/10 NULL, \TU/lmtt/m/n/10 totalDistanceUnit \TU/lmr/m/n/10 VARCHAR(4
5) NULL, \TU/lmtt/m/n/10 totalEnergyBurned
 []


Underfull \hbox (badness 4792) in paragraph at lines 1433--1611
\TU/lmr/m/n/10 VARCHAR(45) NULL, \TU/lmtt/m/n/10 totalEnergyBurnedUnit \TU/lmr/
m/n/10 VARCHAR(45) NULL,
 []


Underfull \hbox (badness 1590) in paragraph at lines 1433--1611
\TU/lmr/m/n/10 NULL, \TU/lmtt/m/n/10 Very_active_miles \TU/lmr/m/n/10 FLOAT NUL
L, \TU/lmtt/m/n/10 Sedentary_minutes \TU/lmr/m/n/10 FLOAT
 []


Underfull \hbox (badness 1590) in paragraph at lines 1433--1611
\TU/lmr/m/n/10 FLOAT NULL, \TU/lmtt/m/n/10 hr100-140_minutes \TU/lmr/m/n/10 FLO
AT NULL, \TU/lmtt/m/n/10 hr140-170_minutes
 []


Underfull \hbox (badness 2913) in paragraph at lines 1433--1611
\TU/lmr/m/n/10 ENGINE = InnoDB; – —————————————————– – Table
 []


Underfull \hbox (badness 3930) in paragraph at lines 1433--1611
\TU/lmr/m/n/10 CREATE TABLE IF NOT EXISTS \TU/lmtt/m/n/10 Merck database\TU/lmr
/m/n/10 .\TU/lmtt/m/n/10 User_Apple_Data
 []


Underfull \hbox (badness 10000) in paragraph at lines 1433--1611
\TU/lmr/m/n/10 ( \TU/lmtt/m/n/10 User_id \TU/lmr/m/n/10 INT NOT NULL, \TU/lmtt/
m/n/10 Apple_Data_Username \TU/lmr/m/n/10 VARCHAR(20)
 []


Underfull \hbox (badness 4120) in paragraph at lines 1433--1611
\TU/lmr/m/n/10 NOT NULL, PRIMARY KEY (\TU/lmtt/m/n/10 User_id\TU/lmr/m/n/10 , \
TU/lmtt/m/n/10 Apple_Data_Username\TU/lmr/m/n/10 ), IN-
 []


Underfull \hbox (badness 6300) in paragraph at lines 1433--1611
\TU/lmr/m/n/10 DEX \TU/lmtt/m/n/10 fk_User_has_Apple_Data_Apple_Data1_idx \TU/l
mr/m/n/10 (\TU/lmtt/m/n/10 Apple_Data_Username
 []


Overfull \hbox (38.20671pt too wide) in paragraph at lines 1433--1611
\TU/lmr/m/n/10 FOREIGN KEY (\TU/lmtt/m/n/10 Apple_Data_Username\TU/lmr/m/n/10 )
 REFERENCES \TU/lmtt/m/n/10 Merck database\TU/lmr/m/n/10 .\TU/lmtt/m/n/10 Apple
_Data
 []


Overfull \hbox (60.2529pt too wide) in paragraph at lines 1433--1611
\TU/lmr/m/n/10 (\TU/lmtt/m/n/10 User_id\TU/lmr/m/n/10 , \TU/lmtt/m/n/10 Garmin_
Data_Username\TU/lmr/m/n/10 ), INDEX \TU/lmtt/m/n/10 fk_User_has_Garmin_Data_Ga
rmin_Data1_idx
 []


Overfull \hbox (3.8089pt too wide) in paragraph at lines 1433--1611
\TU/lmr/m/n/10 (\TU/lmtt/m/n/10 Garmin_Data_Username \TU/lmr/m/n/10 ASC), INDEX
 \TU/lmtt/m/n/10 fk_User_has_Garmin_Data_User1_idx
 []


Underfull \hbox (badness 2189) in paragraph at lines 1433--1611
\TU/lmr/m/n/10 (\TU/lmtt/m/n/10 User_id \TU/lmr/m/n/10 ASC), CONSTRAINT \TU/lmt
t/m/n/10 fk_User_has_Garmin_Data_User1 \TU/lmr/m/n/10 FOR-
 []


Underfull \hbox (badness 3612) in paragraph at lines 1433--1611
\TU/lmr/m/n/10 EIGN KEY (\TU/lmtt/m/n/10 User_id\TU/lmr/m/n/10 ) REFERENCES \TU
/lmtt/m/n/10 Merck database\TU/lmr/m/n/10 .\TU/lmtt/m/n/10 User \TU/lmr/m/n/10 
(\TU/lmtt/m/n/10 id\TU/lmr/m/n/10 ) ON
 []


Underfull \hbox (badness 3919) in paragraph at lines 1433--1611
\TU/lmr/m/n/10 DELETE NO ACTION ON UPDATE NO ACTION, CONSTRAINT
 []


Overfull \hbox (32.6878pt too wide) in paragraph at lines 1433--1611
\TU/lmtt/m/n/10 fk_User_has_Garmin_Data_Garmin_Data1 \TU/lmr/m/n/10 FOREIGN KEY
 (\TU/lmtt/m/n/10 Garmin_Data_Username\TU/lmr/m/n/10 )
 []


Underfull \hbox (badness 6961) in paragraph at lines 1433--1611
\TU/lmr/m/n/10 ————————————– – Table \TU/lmtt/m/n/10 Merck database\TU/lmr/m/n/
10 .\TU/lmtt/m/n/10 User_Fitbit_Data
 []


Underfull \hbox (badness 3000) in paragraph at lines 1433--1611
\TU/lmr/m/n/10 ISTS \TU/lmtt/m/n/10 Merck database\TU/lmr/m/n/10 .\TU/lmtt/m/n/
10 User_Fitbit_Data \TU/lmr/m/n/10 ( \TU/lmtt/m/n/10 User_id \TU/lmr/m/n/10 INT
 NOT NULL,
 []


Underfull \hbox (badness 5504) in paragraph at lines 1433--1611
\TU/lmtt/m/n/10 Fitbit_Data_Username \TU/lmr/m/n/10 VARCHAR(20) NOT NULL, PRIMA
RY KEY
 []


Overfull \hbox (60.2529pt too wide) in paragraph at lines 1433--1611
\TU/lmr/m/n/10 (\TU/lmtt/m/n/10 User_id\TU/lmr/m/n/10 , \TU/lmtt/m/n/10 Fitbit_
Data_Username\TU/lmr/m/n/10 ), INDEX \TU/lmtt/m/n/10 fk_User_has_Fitbit_Data_Fi
tbit_Data1_idx
 []


Overfull \hbox (3.8089pt too wide) in paragraph at lines 1433--1611
\TU/lmr/m/n/10 (\TU/lmtt/m/n/10 Fitbit_Data_Username \TU/lmr/m/n/10 ASC), INDEX
 \TU/lmtt/m/n/10 fk_User_has_Fitbit_Data_User1_idx
 []


Underfull \hbox (badness 2189) in paragraph at lines 1433--1611
\TU/lmr/m/n/10 (\TU/lmtt/m/n/10 User_id \TU/lmr/m/n/10 ASC), CONSTRAINT \TU/lmt
t/m/n/10 fk_User_has_Fitbit_Data_User1 \TU/lmr/m/n/10 FOR-
 []


Underfull \hbox (badness 3612) in paragraph at lines 1433--1611
\TU/lmr/m/n/10 EIGN KEY (\TU/lmtt/m/n/10 User_id\TU/lmr/m/n/10 ) REFERENCES \TU
/lmtt/m/n/10 Merck database\TU/lmr/m/n/10 .\TU/lmtt/m/n/10 User \TU/lmr/m/n/10 
(\TU/lmtt/m/n/10 id\TU/lmr/m/n/10 ) ON
 []


Underfull \hbox (badness 3919) in paragraph at lines 1433--1611
\TU/lmr/m/n/10 DELETE NO ACTION ON UPDATE NO ACTION, CONSTRAINT
 []


Overfull \hbox (32.6878pt too wide) in paragraph at lines 1433--1611
\TU/lmtt/m/n/10 fk_User_has_Fitbit_Data_Fitbit_Data1 \TU/lmr/m/n/10 FOREIGN KEY
 (\TU/lmtt/m/n/10 Fitbit_Data_Username\TU/lmr/m/n/10 )
 []

[40] [41] [42]
Underfull \hbox (badness 10000) in paragraph at lines 1614--1621
[]\TU/lmr/m/n/10 /\TU/lmr/m/it/10 !40101 SET []$[][][][][][][][][] [] [][][] []
 [][][][][][] [] [][][][] [] [][][][][][][][][] []
 []


Overfull \hbox (17.19875pt too wide) in paragraph at lines 1614--1621
[][][][][][][][][] [] [][][] [] [][][][][][][]$[] \TU/lmr/m/n/10 /; /\TU/lmr/m/
it/10 !40101 SET []$[][][][][][][][][] [] [][][][][][][][][][] []
 []

[43] [44]
Underfull \vbox (badness 10000) has occurred while \output is active []

[45]
Underfull \hbox (badness 10000) in paragraph at lines 1732--1735
[]\TU/lmr/m/n/10 create(u:user {name:‘User’})-[:makes]->(n:user{name:‘Username’
})
 []


Overfull \hbox (8.13002pt too wide) in paragraph at lines 1784--1788
[]\TU/lmr/m/n/10 match(u:user {name:‘User’}) create (u)- [:enters]-> (H:user{na
me:‘Height’})
 []


Overfull \hbox (39.89001pt too wide) in paragraph at lines 1814--1817
[]\TU/lmr/m/n/10 match(M:user{name:‘Merck Data’}) create (M)- [:enters]-> (FH:u
ser{name:‘Family
 []

[46]
Overfull \hbox (31.42001pt too wide) in paragraph at lines 1828--1832
[]\TU/lmr/m/n/10 match(M:user{name:‘Merck Data’}) create (M)- [:enters]-> (ID:u
ser{name:‘Input
 []


Overfull \hbox (57.16pt too wide) in paragraph at lines 1832--1836
[]\TU/lmr/m/n/10 match(M:user{name:‘Merck Data’}) create (M)- [:enters]-> (DN:u
ser{name:‘Diagnostic
 []


Overfull \hbox (29.19002pt too wide) in paragraph at lines 1836--1839
[]\TU/lmr/m/n/10 match(M:user{name:‘Merck Data’}) create (M)- [:enters]-> (AD:u
ser{name:‘Any
 []


Overfull \hbox (22.30002pt too wide) in paragraph at lines 1862--1866
[]\TU/lmr/m/n/10 match(n:user{name:‘Username’}) create (n)- [:enters]-> (FD:use
r{name:‘FitBit
 []


Overfull \hbox (65.57002pt too wide) in paragraph at lines 1866--1869
[]\TU/lmr/m/n/10 match(FD:user{name:‘FitBit Data’}) create (FD)- [:enters]-> (W
E:user{name:‘Weight’})
 []


Overfull \hbox (64.72002pt too wide) in paragraph at lines 1869--1873
[]\TU/lmr/m/n/10 match(FD:user{name:‘FitBit Data’}) create (FD)- [:enters]-> (C
D:user{name:‘Collection
 []


Overfull \hbox (44.58002pt too wide) in paragraph at lines 1873--1876
[]\TU/lmr/m/n/10 match(FD:user{name:‘FitBit Data’}) create (FD)- [:enters]-> (B
:user{name:‘BMI’})
 []


Overfull \hbox (46.89001pt too wide) in paragraph at lines 1876--1880
[]\TU/lmr/m/n/10 match(FD:user{name:‘FitBit Data’}) create (FD)- [:enters]-> (F
C:user{name:‘Floors
 []


Overfull \hbox (62.52002pt too wide) in paragraph at lines 1880--1884
[]\TU/lmr/m/n/10 match(FD:user{name:‘FitBit Data’}) create (FD)- [:enters]-> (A
RH:user{name:‘Average
 []


Overfull \hbox (53.81003pt too wide) in paragraph at lines 1884--1886
[]\TU/lmr/m/n/10 match(FD:user{name:‘FitBit Data’}) create (FD)- [:enters]-> (S
T:user{name:‘Steps’})
 []


Overfull \hbox (52.70003pt too wide) in paragraph at lines 1896--1901
[]\TU/lmr/m/n/10 match(FD:user{name:‘FitBit Data’}) create (FD)- [:enters]-> (M
i:user{name:‘Miles’})
 []

[47]
Overfull \hbox (45.42003pt too wide) in paragraph at lines 1901--1905
[]\TU/lmr/m/n/10 match(FD:user{name:‘FitBit Data’}) create (FD)- [:enters]-> (T
M:user{name:‘Total
 []


Overfull \hbox (49.34003pt too wide) in paragraph at lines 1905--1909
[]\TU/lmr/m/n/10 match(FD:user{name:‘FitBit Data’}) create (FD)- [:enters]-> (V
AM:user{name:‘Very
 []


Overfull \hbox (60.15002pt too wide) in paragraph at lines 1909--1913
[]\TU/lmr/m/n/10 match(FD:user{name:‘FitBit Data’}) create (FD)- [:enters]-> (L
AM:user{name:‘Lightly
 []


Overfull \hbox (81.57002pt too wide) in paragraph at lines 1913--1917
[]\TU/lmr/m/n/10 match(FD:user{name:‘FitBit Data’}) create (FD)- [:enters]-> (M
AM:user{name:‘Moderately
 []


Overfull \hbox (45.98003pt too wide) in paragraph at lines 1917--1919
[]\TU/lmr/m/n/10 match(FD:user{name:‘FitBit Data’}) create (FD)- [:enters]-> (S
:user{name:‘Sleep’})
 []


Overfull \hbox (18.12003pt too wide) in paragraph at lines 1932--1937
[]\TU/lmr/m/n/10 match(S:user{name:‘Sleep’}) create (S)- [:enters]-> (MAS:user{
name:‘Minutes
 []


Overfull \hbox (61.87003pt too wide) in paragraph at lines 1937--1940
[]\TU/lmr/m/n/10 match(FD:user{name:‘FitBit Data’}) create (FD)- [:enters]-> (M
:user{name:‘Minutes’})
 []


Overfull \hbox (4.12001pt too wide) in paragraph at lines 1940--1944
[]\TU/lmr/m/n/10 match(M:user{name:‘Minutes’}) create (M)- [:enters]-> (OF:user
{name:‘hr
 []


Overfull \hbox (38.43001pt too wide) in paragraph at lines 1944--1948
[]\TU/lmr/m/n/10 match(M:user{name:‘Minutes’}) create (M)- [:enters]-> (SM:user
{name:‘Sedentary
 []


Overfull \hbox (34.51001pt too wide) in paragraph at lines 1948--1952
[]\TU/lmr/m/n/10 match(M:user{name:‘Minutes’}) create (M)- [:enters]-> (LAM:use
r{name:‘Lightly
 []


Overfull \hbox (27.88pt too wide) in paragraph at lines 1952--1956
[]\TU/lmr/m/n/10 match(M:user{name:‘Minutes’}) create (M)- [:enters]-> (FAM:use
r{name:‘Fairly
 []


Overfull \hbox (23.70001pt too wide) in paragraph at lines 1956--1960
[]\TU/lmr/m/n/10 match(M:user{name:‘Minutes’}) create (M)- [:enters]-> (VAM:use
r{name:‘Very
 []


Overfull \hbox (4.67001pt too wide) in paragraph at lines 1960--1963
[]\TU/lmr/m/n/10 match(M:user{name:‘Minutes’}) create (M)- [:enters]-> (HR:user
{name:‘hr
 []


Overfull \hbox (9.67001pt too wide) in paragraph at lines 1963--1967
[]\TU/lmr/m/n/10 match(M:user{name:‘Minutes’}) create (M)- [:enters]-> (HR1:use
r{name:‘hr
 []


Overfull \hbox (9.67001pt too wide) in paragraph at lines 1967--1970
[]\TU/lmr/m/n/10 match(M:user{name:‘Minutes’}) create (M)- [:enters]-> (HR2:use
r{name:‘hr
 []

[48]
Overfull \hbox (60.40002pt too wide) in paragraph at lines 1985--1988
[]\TU/lmr/m/n/10 match(PD:user{name:‘Pain Data’}) create (PD)- [:enters]-> (D:u
ser{name:‘Diagnosis’})
 []


Overfull \hbox (40.04002pt too wide) in paragraph at lines 1988--1992
[]\TU/lmr/m/n/10 match(PD:user{name:‘Pain Data’}) create (PD)- [:enters]-> (WI:
user{name:‘Water
 []


Overfull \hbox (64.46002pt too wide) in paragraph at lines 1992--1996
[]\TU/lmr/m/n/10 match(PD:user{name:‘Pain Data’}) create (PD)- [:enters]-> (MT:
user{name:‘Medication
 []


Overfull \hbox (46.95001pt too wide) in paragraph at lines 1996--1999
[]\TU/lmr/m/n/10 match(PD:user{name:‘Pain Data’}) create (PD)- [:enters]-> (DA:
user{name:‘Date’})
 []


Overfull \hbox (70.40001pt too wide) in paragraph at lines 1999--2003
[]\TU/lmr/m/n/10 match(PD:user{name:‘Pain Data’}) create (PD)- [:enters]-> (HA:
user{name:‘Happiness’})
 []


Overfull \hbox (41.99002pt too wide) in paragraph at lines 2003--2007
[]\TU/lmr/m/n/10 match(PD:user{name:‘Pain Data’}) create (PD)- [:enters]-> (OM:
user{name:‘Other
 []


Overfull \hbox (45.71002pt too wide) in paragraph at lines 2007--2010
[]\TU/lmr/m/n/10 match(PD:user{name:‘Pain Data’}) create (PD)- [:enters]-> (SL:
user{name:‘Sleep’})
 []


Overfull \hbox (43.15002pt too wide) in paragraph at lines 2010--2014
[]\TU/lmr/m/n/10 match(PD:user{name:‘Pain Data’}) create (PD)- [:enters]-> (HW:
user{name:‘Hours
 []


Overfull \hbox (48.13002pt too wide) in paragraph at lines 2014--2018
[]\TU/lmr/m/n/10 match(PD:user{name:‘Pain Data’}) create (PD)- [:enters]-> (US:
user{name:‘Unusual
 []


Overfull \hbox (44.78001pt too wide) in paragraph at lines 2018--2021
[]\TU/lmr/m/n/10 match(PD:user{name:‘Pain Data’}) create (PD)- [:enters]-> (M:u
ser{name:‘meals’})
 []


Overfull \hbox (99.75002pt too wide) in paragraph at lines 2021--2024
[]\TU/lmr/m/n/10 match(PD:user{name:‘Pain Data’}) create (PD)- [:enters]-> (SA:
user{name:‘Smoking/Alcohol’})
 []

[49] [50

]
Chapter 8.
[51] [52] [53] [54] [55] [56] [57]
Underfull \vbox (badness 10000) detected at line 2713
 []


Underfull \vbox (badness 10000) detected at line 2713
 []

[58]
Underfull \vbox (badness 10000) detected at line 2713
 []


Underfull \vbox (badness 10000) detected at line 2713
 []

[59]
Underfull \vbox (badness 10000) detected at line 2713
 []


Underfull \vbox (badness 10000) detected at line 2713
 []

[60]
Underfull \vbox (badness 10000) detected at line 2713
 []


Underfull \vbox (badness 10000) detected at line 2713
 []

[61]
Underfull \vbox (badness 10000) detected at line 2713
 []


Underfull \vbox (badness 10000) detected at line 2713
 []

[62] [63] [64] [65] [66]
Underfull \vbox (badness 10000) detected at line 3266
 []


Underfull \vbox (badness 10000) detected at line 3266
 []

[67]
Underfull \vbox (badness 10000) detected at line 3266
 []


Underfull \vbox (badness 10000) detected at line 3266
 []

[68]
Underfull \vbox (badness 10000) detected at line 3266
 []


Underfull \vbox (badness 10000) detected at line 3266
 []

[69]
Underfull \vbox (badness 10000) detected at line 3266
 []


Underfull \vbox (badness 10000) detected at line 3266
 []

[70]
Underfull \vbox (badness 10000) detected at line 3266
 []


Underfull \vbox (badness 10000) detected at line 3266
 []

[71]
Underfull \vbox (badness 10000) detected at line 3266
 []


Underfull \vbox (badness 10000) detected at line 3266
 []

[72]
Underfull \vbox (badness 10000) detected at line 3266
 []


Underfull \vbox (badness 10000) detected at line 3266
 []

[73]
Underfull \vbox (badness 10000) detected at line 3266
 []


Underfull \vbox (badness 10000) detected at line 3266
 []

[74]
Underfull \vbox (badness 10000) detected at line 3266
 []


Underfull \vbox (badness 10000) detected at line 3266
 []

[75]
Underfull \vbox (badness 1092) has occurred while \output is active []

[76] [77]
Underfull \vbox (badness 10000) detected at line 3595
 []


Underfull \vbox (badness 10000) detected at line 3595
 []

[78]
Underfull \vbox (badness 10000) detected at line 3595
 []


Underfull \vbox (badness 10000) detected at line 3595
 []

[79]
Underfull \vbox (badness 10000) detected at line 3595
 []


Underfull \vbox (badness 10000) detected at line 3595
 []

[80]
Underfull \vbox (badness 10000) detected at line 3595
 []


Underfull \vbox (badness 10000) detected at line 3595
 []

[81]
Underfull \vbox (badness 10000) detected at line 3595
 []


Underfull \vbox (badness 10000) detected at line 3595
 []

[82]
Underfull \vbox (badness 10000) detected at line 3595
 []


Underfull \vbox (badness 10000) detected at line 3595
 []

[83] [84] [85] [86

]
Chapter 9.
File: ./images/Active Data.JPG Graphic file (type bmp)
<./images/Active Data.JPG>
[87]
File: ./images/BasalData.png Graphic file (type bmp)
<./images/BasalData.png>
File: ./images/Dist Data.JPG Graphic file (type bmp)
<./images/Dist Data.JPG>
File: ./images/Elev Data.JPG Graphic file (type bmp)
<./images/Elev Data.JPG>
File: ./images/Heart Data.JPG Graphic file (type bmp)
<./images/Heart Data.JPG>
File: ./images/Steps Data.JPG Graphic file (type bmp)
<./images/Steps Data.JPG>

Underfull \vbox (badness 10000) has occurred while \output is active []

[88]
Underfull \vbox (badness 1931) has occurred while \output is active []

[89] [90] [91]
Overfull \hbox (1.58502pt too wide) in paragraph at lines 3855--3857
[]\TU/lmr/m/n/10 Hostname: rnr56s6e2uk326pj.cbetxkdyhwsb.us-east-1.rds.amazonaw
s.com 
 []


Overfull \hbox (21.25pt too wide) in paragraph at lines 3908--3908
 []       \TU/lmtt/m/n/10 'moderately_active_miles': row["Moderately Active Mil
es"],[] 
 []

[92]
Overfull \hbox (10.75pt too wide) in paragraph at lines 3908--3908
 []       \TU/lmtt/m/n/10 'lightly_active_minutes': row["Lightly Active Minutes
"],[] 
 []


Overfull \hbox (0.25pt too wide) in paragraph at lines 3908--3908
 []       \TU/lmtt/m/n/10 'fairly_active_minutes': row["Fairly Active Minutes"]
,[] 
 []


Overfull \hbox (5.5pt too wide) in paragraph at lines 3908--3908
 []       \TU/lmtt/m/n/10 'average_resting_heartrate': row["Average Resting HR"
],[] 
 []

[93] [94]
Chapter 10.
[95

] [96]
Chapter 11.
[97

]
Overfull \hbox (39.91pt too wide) in paragraph at lines 4078--4083
\TU/lmr/m/n/10 tials need to be put into /backend/biometricBackend/app/controll
ers/image.controller.js.
 []


Underfull \hbox (badness 10000) in paragraph at lines 4078--4083
[][][][][][][][][] [][] [][][][][] [][] [][] [][] [][][] [][] [][] [][] [][][][
][] [][] [][][][][][] [][] [][][][][][] [][] [][][][][][][] [][] [][][] [][] []
[][][][][][] [][] [][][][] [][] [] [][]
 []

File: ./phone_app_doc_images/sql_patient_table.JPG Graphic file (type bmp)
<./phone_app_doc_images/sql_patient_table.JPG>
File: ./phone_app_doc_images/sql_phone_app_data_table.JPG Graphic file (type bm
p)
<./phone_app_doc_images/sql_phone_app_data_table.JPG>

Overfull \hbox (54.64758pt too wide) in paragraph at lines 4112--4118
\TU/lmr/m/n/10 two used tables for phone application are below: []
 []


Underfull \hbox (badness 3579) in paragraph at lines 4112--4118
[] \TU/lmr/m/n/10 Information related to the data
 []


Underfull \vbox (badness 10000) has occurred while \output is active []

[98] [99]
File: ./phone_app_doc_images/create_account_page.JPG Graphic file (type bmp)
<./phone_app_doc_images/create_account_page.JPG>
File: ./phone_app_doc_images/login_page.JPG Graphic file (type bmp)
<./phone_app_doc_images/login_page.JPG>
File: ./phone_app_doc_images/home_page.JPG Graphic file (type bmp)
<./phone_app_doc_images/home_page.JPG>
File: ./phone_app_doc_images/user_profile_page.JPG Graphic file (type bmp)
<./phone_app_doc_images/user_profile_page.JPG>
[100] [101] [102] [103] [104]
File: ./phone_app_doc_images/edit_profile_page.JPG Graphic file (type bmp)
<./phone_app_doc_images/edit_profile_page.JPG>
File: ./phone_app_doc_images/questionnaire_page.JPG Graphic file (type bmp)
<./phone_app_doc_images/questionnaire_page.JPG>
File: ./phone_app_doc_images/entries_page.JPG Graphic file (type bmp)
<./phone_app_doc_images/entries_page.JPG>
File: ./phone_app_doc_images/api_table_one.JPG Graphic file (type bmp)
<./phone_app_doc_images/api_table_one.JPG>
File: ./phone_app_doc_images/api_table_two.JPG Graphic file (type bmp)
<./phone_app_doc_images/api_table_two.JPG>

Underfull \hbox (badness 10000) in paragraph at lines 4238--4240
[]
 []


Underfull \vbox (badness 10000) has occurred while \output is active []

[105] [106] [107] [108]
Overfull \hbox (172.21126pt too wide) has occurred while \output is active
\TU/lmr/m/sl/10 11.4.  4. API ENDPOINTS (HOW APPLICATION’S FRONTEND AND NODE.JS
 BACKEND COMMUNICATE) \TU/lmr/m/n/10 109
 []

[109]
File: ./images/Active Data.JPG Graphic file (type bmp)
<./images/Active Data.JPG>
File: ./phone_app_doc_images/BasalData.png Graphic file (type bmp)
<./phone_app_doc_images/BasalData.png>
File: ./phone_app_doc_images/DistData.JPG Graphic file (type bmp)
<./phone_app_doc_images/DistData.JPG>
File: ./phone_app_doc_images/ElevData.JPG Graphic file (type bmp)
<./phone_app_doc_images/ElevData.JPG>
File: ./phone_app_doc_images/HeartData.JPG Graphic file (type bmp)
<./phone_app_doc_images/HeartData.JPG>
File: ./phone_app_doc_images/StepsData.JPG Graphic file (type bmp)
<./phone_app_doc_images/StepsData.JPG>

Underfull \hbox (badness 10000) in paragraph at lines 4291--4297
[]
 []


Underfull \hbox (badness 10000) in paragraph at lines 4291--4297
[]
 []


Underfull \hbox (badness 10000) in paragraph at lines 4291--4297
[]
 []


Underfull \vbox (badness 10000) has occurred while \output is active []

[110]
Underfull \vbox (badness 10000) has occurred while \output is active []

[111]
Underfull \vbox (badness 10000) has occurred while \output is active []

[112]
Underfull \vbox (badness 2277) has occurred while \output is active []

[113] [114] [115]
Overfull \hbox (1.58502pt too wide) in paragraph at lines 4463--4465
[]\TU/lmr/m/n/10 Hostname: rnr56s6e2uk326pj.cbetxkdyhwsb.us-east-1.rds.amazonaw
s.com 
 []


Overfull \hbox (21.25pt too wide) in paragraph at lines 4517--4517
 []       \TU/lmtt/m/n/10 'moderately_active_miles': row["Moderately Active Mil
es"],[] 
 []


Overfull \hbox (10.75pt too wide) in paragraph at lines 4517--4517
 []       \TU/lmtt/m/n/10 'lightly_active_minutes': row["Lightly Active Minutes
"],[] 
 []


Overfull \hbox (0.25pt too wide) in paragraph at lines 4517--4517
 []       \TU/lmtt/m/n/10 'fairly_active_minutes': row["Fairly Active Minutes"]
,[] 
 []

[116]
Overfull \hbox (5.5pt too wide) in paragraph at lines 4517--4517
 []       \TU/lmtt/m/n/10 'average_resting_heartrate': row["Average Resting HR"
],[] 
 []

[117] [118

]
Chapter 12.
File: images/project_overview.png Graphic file (type bmp)
<images/project_overview.png>
File: images/page1_001.jpg Graphic file (type bmp)
<images/page1_001.jpg>
[119] [120] [121] [122]
File: images/mobile_signin.png Graphic file (type bmp)
<images/mobile_signin.png>
[123]
File: images/mobile_prototype.png Graphic file (type bmp)
<images/mobile_prototype.png>
[124] [125] [126]

Package natbib Warning: Citation `website.com' on page 127 undefined on input l
ine 4807.


Package natbib Warning: Citation `website.org' on page 127 undefined on input l
ine 4808.

[127]

Package natbib Warning: Citation `app.route' on page 128 undefined on input lin
e 4842.


Package natbib Warning: Citation `login_required' on page 128 undefined on inpu
t line 4848.

[128]
File: images/Create_account_page.png Graphic file (type bmp)
<images/Create_account_page.png>
[129]
File: images/Sign_in_page.png Graphic file (type bmp)
<images/Sign_in_page.png>
File: images/home_page.png Graphic file (type bmp)
<images/home_page.png>
File: images/Edit_Account.png Graphic file (type bmp)
<images/Edit_Account.png>
File: images/Patients_gallery_page.png Graphic file (type bmp)
<images/Patients_gallery_page.png>
File: images/Information_page.png Graphic file (type bmp)
<images/Information_page.png>
[130] [131]
File: images/Fitbit_page.png Graphic file (type bmp)
<images/Fitbit_page.png>
File: images/file_structure.jpg Graphic file (type bmp)
<images/file_structure.jpg>
[132] [133]

Package natbib Warning: There were undefined citations.

[134] (./bookdown-demo.aux)

LaTeX Warning: There were multiply-defined labels.

Package rerunfilecheck Info: File `bookdown-demo.out' has not changed.
(rerunfilecheck)             Checksum: 0E0CE651CB6F569FC3D9926B82033352;16674.
 ) 
Here is how much of TeX's memory you used:
 13563 strings out of 478918
 251715 string characters out of 5866395
 818553 words of memory out of 5000000
 33141 multiletter control sequences out of 15000+600000
 428315 words of font info for 76 fonts, out of 8000000 for 9000
 14 hyphenation exceptions out of 8191
 95i,6n,103p,695b,568s stack positions out of 5000i,500n,10000p,200000b,80000s

Output written on bookdown-demo.pdf (134 pages).
